<?xml version="1.0" encoding="UTF-8"?>
<testsuite xmlns:xsi="http://www.w3.org/2001/XMLSchema-instance" xsi:noNamespaceSchemaLocation="https://maven.apache.org/surefire/maven-surefire-plugin/xsd/surefire-test-report-3.0.xsd" version="3.0" name="com.example.lab3.service.AreaHitServiceTest" time="0.057" tests="4" errors="0" skipped="0" failures="0">
  <properties>
[...]
</properties>
  <testcase name="shouldMissOutsideArea" classname="com.example.lab3.service.AreaHitServiceTest" time="0.025"/>
  <testcase name="shouldHitInsideRectangle" classname="com.example.lab3.service.AreaHitServiceTest" time="0.002"/>
  <testcase name="shouldHitInsideQuarterCircle" classname="com.example.lab3.service.AreaHitServiceTest" time="0.001"/>
  <testcase name="shouldHitInsideTriangle" classname="com.example.lab3.service.AreaHitServiceTest" time="0.0"/>
</testsuite>